0 info it worked if it ends with ok
1 verbose cli [ '/usr/bin/node', '/usr/bin/npm', 'install', 'oracledb@5.2.0' ]
2 info using npm@3.5.2
3 info using node@v8.10.0
4 silly loadCurrentTree Starting
5 silly install loadCurrentTree
6 silly install readLocalPackageData
7 silly fetchPackageMetaData oracledb@5.2.0
8 silly fetchNamedPackageData oracledb
9 silly mapToRegistry name oracledb
10 silly mapToRegistry using default registry
11 silly mapToRegistry registry https://registry.npmjs.org/
12 silly mapToRegistry uri https://registry.npmjs.org/oracledb
13 verbose request uri https://registry.npmjs.org/oracledb
14 verbose request no auth needed
15 info attempt registry request try #1 at 오후 1:54:18
16 verbose request id 31b114a0af24d3c9
17 verbose etag W/"dc26af682d8720fd58b09c41f90e2d3e"
18 verbose lastModified Wed, 24 May 2023 09:40:19 GMT
19 http request GET https://registry.npmjs.org/oracledb
20 http 304 https://registry.npmjs.org/oracledb
21 verbose headers { date: 'Fri, 26 May 2023 04:54:18 GMT',
21 verbose headers   connection: 'keep-alive',
21 verbose headers   'cf-ray': '7cd36b5aef4ac069-ICN',
21 verbose headers   'cf-cache-status': 'HIT',
21 verbose headers   age: '50',
21 verbose headers   'cache-control': 'public, max-age=300',
21 verbose headers   etag: '"dc26af682d8720fd58b09c41f90e2d3e"',
21 verbose headers   'last-modified': 'Wed, 24 May 2023 09:40:19 GMT',
21 verbose headers   vary: 'Accept-Encoding',
21 verbose headers   'x-amz-replication-status': 'COMPLETED',
21 verbose headers   'x-amz-server-side-encryption': 'AES256',
21 verbose headers   server: 'cloudflare' }
22 silly get cb [ 304,
22 silly get   { date: 'Fri, 26 May 2023 04:54:18 GMT',
22 silly get     connection: 'keep-alive',
22 silly get     'cf-ray': '7cd36b5aef4ac069-ICN',
22 silly get     'cf-cache-status': 'HIT',
22 silly get     age: '50',
22 silly get     'cache-control': 'public, max-age=300',
22 silly get     etag: '"dc26af682d8720fd58b09c41f90e2d3e"',
22 silly get     'last-modified': 'Wed, 24 May 2023 09:40:19 GMT',
22 silly get     vary: 'Accept-Encoding',
22 silly get     'x-amz-replication-status': 'COMPLETED',
22 silly get     'x-amz-server-side-encryption': 'AES256',
22 silly get     server: 'cloudflare' } ]
23 verbose etag https://registry.npmjs.org/oracledb from cache
24 verbose get saving oracledb to /home/pc06/.npm/registry.npmjs.org/oracledb/.cache.json
25 silly install normalizeTree
26 silly loadCurrentTree Finishing
27 silly loadIdealTree Starting
28 silly install loadIdealTree
29 silly cloneCurrentTree Starting
30 silly install cloneCurrentTreeToIdealTree
31 silly cloneCurrentTree Finishing
32 silly loadShrinkwrap Starting
33 silly install loadShrinkwrap
34 silly loadShrinkwrap Finishing
35 silly loadAllDepsIntoIdealTree Starting
36 silly install loadAllDepsIntoIdealTree
37 silly resolveWithNewModule oracledb@5.2.0 checking installable status
38 silly cache add args [ 'oracledb@5.2.0', null ]
39 verbose cache add spec oracledb@5.2.0
40 silly cache add parsed spec Result {
40 silly cache add   raw: 'oracledb@5.2.0',
40 silly cache add   scope: null,
40 silly cache add   name: 'oracledb',
40 silly cache add   rawSpec: '5.2.0',
40 silly cache add   spec: '5.2.0',
40 silly cache add   type: 'version' }
41 silly addNamed oracledb@5.2.0
42 verbose addNamed "5.2.0" is a plain semver version for oracledb
43 silly mapToRegistry name oracledb
44 silly mapToRegistry using default registry
45 silly mapToRegistry registry https://registry.npmjs.org/
46 silly mapToRegistry uri https://registry.npmjs.org/oracledb
47 verbose addNameVersion registry:https://registry.npmjs.org/oracledb not in flight; fetching
48 verbose get https://registry.npmjs.org/oracledb not expired, no request
49 silly mapToRegistry name oracledb
50 silly mapToRegistry using default registry
51 silly mapToRegistry registry https://registry.npmjs.org/
52 silly mapToRegistry uri https://registry.npmjs.org/oracledb
53 verbose addRemoteTarball https://registry.npmjs.org/oracledb/-/oracledb-5.2.0.tgz not in flight; adding
54 verbose addRemoteTarball [ 'https://registry.npmjs.org/oracledb/-/oracledb-5.2.0.tgz',
54 verbose addRemoteTarball   'c5774a38508e2ebd4f899500dfc35daa03b00481' ]
55 info retry fetch attempt 1 at 오후 1:54:18
56 info attempt registry request try #1 at 오후 1:54:18
57 http fetch GET https://registry.npmjs.org/oracledb/-/oracledb-5.2.0.tgz
58 http fetch 200 https://registry.npmjs.org/oracledb/-/oracledb-5.2.0.tgz
59 silly fetchAndShaCheck shasum c5774a38508e2ebd4f899500dfc35daa03b00481
60 verbose addTmpTarball /tmp/npm-13233-441c8392/registry.npmjs.org/oracledb/-/oracledb-5.2.0.tgz not in flight; adding
61 verbose addTmpTarball already have metadata; skipping unpack for oracledb@5.2.0
62 silly cache afterAdd oracledb@5.2.0
63 verbose afterAdd /home/pc06/.npm/oracledb/5.2.0/package/package.json not in flight; writing
64 verbose afterAdd /home/pc06/.npm/oracledb/5.2.0/package/package.json written
65 silly loadAllDepsIntoIdealTree Finishing
66 silly idealTree:prePrune ex-paint@1.0.0
66 silly idealTree:prePrune ├── accepts@1.3.8
66 silly idealTree:prePrune ├── ansi-styles@4.3.0
66 silly idealTree:prePrune ├── array-flatten@1.1.1
66 silly idealTree:prePrune ├── async@3.2.4
66 silly idealTree:prePrune ├── balanced-match@1.0.2
66 silly idealTree:prePrune ├── body-parser@1.20.1
66 silly idealTree:prePrune ├── brace-expansion@2.0.1
66 silly idealTree:prePrune ├── bytes@3.1.2
66 silly idealTree:prePrune ├── call-bind@1.0.2
66 silly idealTree:prePrune ├── chalk@4.1.2
66 silly idealTree:prePrune ├── color-convert@2.0.1
66 silly idealTree:prePrune ├── color-name@1.1.4
66 silly idealTree:prePrune ├── concat-map@0.0.1
66 silly idealTree:prePrune ├── content-disposition@0.5.4
66 silly idealTree:prePrune ├── content-type@1.0.5
66 silly idealTree:prePrune ├── cookie-signature@1.0.6
66 silly idealTree:prePrune ├── cookie@0.5.0
66 silly idealTree:prePrune ├── debug@2.6.9
66 silly idealTree:prePrune ├── depd@2.0.0
66 silly idealTree:prePrune ├── destroy@1.2.0
66 silly idealTree:prePrune ├── ee-first@1.1.1
66 silly idealTree:prePrune ├── ejs@3.1.9
66 silly idealTree:prePrune ├── encodeurl@1.0.2
66 silly idealTree:prePrune ├── escape-html@1.0.3
66 silly idealTree:prePrune ├── etag@1.8.1
66 silly idealTree:prePrune ├── express@4.18.2
66 silly idealTree:prePrune ├─┬ filelist@1.0.4
66 silly idealTree:prePrune │ └── minimatch@5.1.6
66 silly idealTree:prePrune ├── finalhandler@1.2.0
66 silly idealTree:prePrune ├── forwarded@0.2.0
66 silly idealTree:prePrune ├── fresh@0.5.2
66 silly idealTree:prePrune ├── function-bind@1.1.1
66 silly idealTree:prePrune ├── get-intrinsic@1.2.1
66 silly idealTree:prePrune ├── has-flag@4.0.0
66 silly idealTree:prePrune ├── has-proto@1.0.1
66 silly idealTree:prePrune ├── has-symbols@1.0.3
66 silly idealTree:prePrune ├── has@1.0.3
66 silly idealTree:prePrune ├── http-errors@2.0.0
66 silly idealTree:prePrune ├── iconv-lite@0.4.24
66 silly idealTree:prePrune ├── inherits@2.0.4
66 silly idealTree:prePrune ├── ipaddr.js@1.9.1
66 silly idealTree:prePrune ├── jake@10.8.6
66 silly idealTree:prePrune ├── media-typer@0.3.0
66 silly idealTree:prePrune ├── merge-descriptors@1.0.1
66 silly idealTree:prePrune ├── methods@1.1.2
66 silly idealTree:prePrune ├── mime-db@1.52.0
66 silly idealTree:prePrune ├── mime-types@2.1.35
66 silly idealTree:prePrune ├── mime@1.6.0
66 silly idealTree:prePrune ├─┬ minimatch@3.1.2
66 silly idealTree:prePrune │ └── brace-expansion@1.1.11
66 silly idealTree:prePrune ├── ms@2.0.0
66 silly idealTree:prePrune ├── negotiator@0.6.3
66 silly idealTree:prePrune ├── object-inspect@1.12.3
66 silly idealTree:prePrune ├── on-finished@2.4.1
66 silly idealTree:prePrune ├── oracledb@5.2.0
66 silly idealTree:prePrune ├── parseurl@1.3.3
66 silly idealTree:prePrune ├── path-to-regexp@0.1.7
66 silly idealTree:prePrune ├── proxy-addr@2.0.7
66 silly idealTree:prePrune ├── qs@6.11.0
66 silly idealTree:prePrune ├── range-parser@1.2.1
66 silly idealTree:prePrune ├── raw-body@2.5.1
66 silly idealTree:prePrune ├── safe-buffer@5.2.1
66 silly idealTree:prePrune ├── safer-buffer@2.1.2
66 silly idealTree:prePrune ├─┬ send@0.18.0
66 silly idealTree:prePrune │ └── ms@2.1.3
66 silly idealTree:prePrune ├── serve-static@1.15.0
66 silly idealTree:prePrune ├── setprototypeof@1.2.0
66 silly idealTree:prePrune ├── side-channel@1.0.4
66 silly idealTree:prePrune ├── statuses@2.0.1
66 silly idealTree:prePrune ├── supports-color@7.2.0
66 silly idealTree:prePrune ├── toidentifier@1.0.1
66 silly idealTree:prePrune ├── type-is@1.6.18
66 silly idealTree:prePrune ├── unpipe@1.0.0
66 silly idealTree:prePrune ├── utils-merge@1.0.1
66 silly idealTree:prePrune └── vary@1.1.2
67 silly loadIdealTree Finishing
68 silly currentTree ex-paint@1.0.0
68 silly currentTree ├── accepts@1.3.8
68 silly currentTree ├── ansi-styles@4.3.0
68 silly currentTree ├── array-flatten@1.1.1
68 silly currentTree ├── async@3.2.4
68 silly currentTree ├── balanced-match@1.0.2
68 silly currentTree ├── body-parser@1.20.1
68 silly currentTree ├── brace-expansion@2.0.1
68 silly currentTree ├── bytes@3.1.2
68 silly currentTree ├── call-bind@1.0.2
68 silly currentTree ├── chalk@4.1.2
68 silly currentTree ├── color-convert@2.0.1
68 silly currentTree ├── color-name@1.1.4
68 silly currentTree ├── concat-map@0.0.1
68 silly currentTree ├── content-disposition@0.5.4
68 silly currentTree ├── content-type@1.0.5
68 silly currentTree ├── cookie-signature@1.0.6
68 silly currentTree ├── cookie@0.5.0
68 silly currentTree ├── debug@2.6.9
68 silly currentTree ├── depd@2.0.0
68 silly currentTree ├── destroy@1.2.0
68 silly currentTree ├── ee-first@1.1.1
68 silly currentTree ├── ejs@3.1.9
68 silly currentTree ├── encodeurl@1.0.2
68 silly currentTree ├── escape-html@1.0.3
68 silly currentTree ├── etag@1.8.1
68 silly currentTree ├── express@4.18.2
68 silly currentTree ├─┬ filelist@1.0.4
68 silly currentTree │ └── minimatch@5.1.6
68 silly currentTree ├── finalhandler@1.2.0
68 silly currentTree ├── forwarded@0.2.0
68 silly currentTree ├── fresh@0.5.2
68 silly currentTree ├── function-bind@1.1.1
68 silly currentTree ├── get-intrinsic@1.2.1
68 silly currentTree ├── has-flag@4.0.0
68 silly currentTree ├── has-proto@1.0.1
68 silly currentTree ├── has-symbols@1.0.3
68 silly currentTree ├── has@1.0.3
68 silly currentTree ├── http-errors@2.0.0
68 silly currentTree ├── iconv-lite@0.4.24
68 silly currentTree ├── inherits@2.0.4
68 silly currentTree ├── ipaddr.js@1.9.1
68 silly currentTree ├── jake@10.8.6
68 silly currentTree ├── media-typer@0.3.0
68 silly currentTree ├── merge-descriptors@1.0.1
68 silly currentTree ├── methods@1.1.2
68 silly currentTree ├── mime-db@1.52.0
68 silly currentTree ├── mime-types@2.1.35
68 silly currentTree ├── mime@1.6.0
68 silly currentTree ├─┬ minimatch@3.1.2
68 silly currentTree │ └── brace-expansion@1.1.11
68 silly currentTree ├── ms@2.0.0
68 silly currentTree ├── negotiator@0.6.3
68 silly currentTree ├── object-inspect@1.12.3
68 silly currentTree ├── on-finished@2.4.1
68 silly currentTree ├── parseurl@1.3.3
68 silly currentTree ├── path-to-regexp@0.1.7
68 silly currentTree ├── proxy-addr@2.0.7
68 silly currentTree ├── qs@6.11.0
68 silly currentTree ├── range-parser@1.2.1
68 silly currentTree ├── raw-body@2.5.1
68 silly currentTree ├── safe-buffer@5.2.1
68 silly currentTree ├── safer-buffer@2.1.2
68 silly currentTree ├─┬ send@0.18.0
68 silly currentTree │ └── ms@2.1.3
68 silly currentTree ├── serve-static@1.15.0
68 silly currentTree ├── setprototypeof@1.2.0
68 silly currentTree ├── side-channel@1.0.4
68 silly currentTree ├── statuses@2.0.1
68 silly currentTree ├── supports-color@7.2.0
68 silly currentTree ├── toidentifier@1.0.1
68 silly currentTree ├── type-is@1.6.18
68 silly currentTree ├── unpipe@1.0.0
68 silly currentTree ├── utils-merge@1.0.1
68 silly currentTree └── vary@1.1.2
69 silly idealTree ex-paint@1.0.0
69 silly idealTree ├── accepts@1.3.8
69 silly idealTree ├── ansi-styles@4.3.0
69 silly idealTree ├── array-flatten@1.1.1
69 silly idealTree ├── async@3.2.4
69 silly idealTree ├── balanced-match@1.0.2
69 silly idealTree ├── body-parser@1.20.1
69 silly idealTree ├── brace-expansion@2.0.1
69 silly idealTree ├── bytes@3.1.2
69 silly idealTree ├── call-bind@1.0.2
69 silly idealTree ├── chalk@4.1.2
69 silly idealTree ├── color-convert@2.0.1
69 silly idealTree ├── color-name@1.1.4
69 silly idealTree ├── concat-map@0.0.1
69 silly idealTree ├── content-disposition@0.5.4
69 silly idealTree ├── content-type@1.0.5
69 silly idealTree ├── cookie-signature@1.0.6
69 silly idealTree ├── cookie@0.5.0
69 silly idealTree ├── debug@2.6.9
69 silly idealTree ├── depd@2.0.0
69 silly idealTree ├── destroy@1.2.0
69 silly idealTree ├── ee-first@1.1.1
69 silly idealTree ├── ejs@3.1.9
69 silly idealTree ├── encodeurl@1.0.2
69 silly idealTree ├── escape-html@1.0.3
69 silly idealTree ├── etag@1.8.1
69 silly idealTree ├── express@4.18.2
69 silly idealTree ├─┬ filelist@1.0.4
69 silly idealTree │ └── minimatch@5.1.6
69 silly idealTree ├── finalhandler@1.2.0
69 silly idealTree ├── forwarded@0.2.0
69 silly idealTree ├── fresh@0.5.2
69 silly idealTree ├── function-bind@1.1.1
69 silly idealTree ├── get-intrinsic@1.2.1
69 silly idealTree ├── has-flag@4.0.0
69 silly idealTree ├── has-proto@1.0.1
69 silly idealTree ├── has-symbols@1.0.3
69 silly idealTree ├── has@1.0.3
69 silly idealTree ├── http-errors@2.0.0
69 silly idealTree ├── iconv-lite@0.4.24
69 silly idealTree ├── inherits@2.0.4
69 silly idealTree ├── ipaddr.js@1.9.1
69 silly idealTree ├── jake@10.8.6
69 silly idealTree ├── media-typer@0.3.0
69 silly idealTree ├── merge-descriptors@1.0.1
69 silly idealTree ├── methods@1.1.2
69 silly idealTree ├── mime-db@1.52.0
69 silly idealTree ├── mime-types@2.1.35
69 silly idealTree ├── mime@1.6.0
69 silly idealTree ├─┬ minimatch@3.1.2
69 silly idealTree │ └── brace-expansion@1.1.11
69 silly idealTree ├── ms@2.0.0
69 silly idealTree ├── negotiator@0.6.3
69 silly idealTree ├── object-inspect@1.12.3
69 silly idealTree ├── on-finished@2.4.1
69 silly idealTree ├── oracledb@5.2.0
69 silly idealTree ├── parseurl@1.3.3
69 silly idealTree ├── path-to-regexp@0.1.7
69 silly idealTree ├── proxy-addr@2.0.7
69 silly idealTree ├── qs@6.11.0
69 silly idealTree ├── range-parser@1.2.1
69 silly idealTree ├── raw-body@2.5.1
69 silly idealTree ├── safe-buffer@5.2.1
69 silly idealTree ├── safer-buffer@2.1.2
69 silly idealTree ├─┬ send@0.18.0
69 silly idealTree │ └── ms@2.1.3
69 silly idealTree ├── serve-static@1.15.0
69 silly idealTree ├── setprototypeof@1.2.0
69 silly idealTree ├── side-channel@1.0.4
69 silly idealTree ├── statuses@2.0.1
69 silly idealTree ├── supports-color@7.2.0
69 silly idealTree ├── toidentifier@1.0.1
69 silly idealTree ├── type-is@1.6.18
69 silly idealTree ├── unpipe@1.0.0
69 silly idealTree ├── utils-merge@1.0.1
69 silly idealTree └── vary@1.1.2
70 silly generateActionsToTake Starting
71 silly install generateActionsToTake
72 silly generateActionsToTake Finishing
73 silly diffTrees action count 3
74 silly diffTrees update ejs@3.1.9
75 silly diffTrees update express@4.18.2
76 silly diffTrees add oracledb@5.2.0
77 silly decomposeActions action count 24
78 silly decomposeActions fetch ejs@3.1.9
79 silly decomposeActions extract ejs@3.1.9
80 silly decomposeActions test ejs@3.1.9
81 silly decomposeActions preinstall ejs@3.1.9
82 silly decomposeActions build ejs@3.1.9
83 silly decomposeActions install ejs@3.1.9
84 silly decomposeActions postinstall ejs@3.1.9
85 silly decomposeActions finalize ejs@3.1.9
86 silly decomposeActions fetch express@4.18.2
87 silly decomposeActions extract express@4.18.2
88 silly decomposeActions test express@4.18.2
89 silly decomposeActions preinstall express@4.18.2
90 silly decomposeActions build express@4.18.2
91 silly decomposeActions install express@4.18.2
92 silly decomposeActions postinstall express@4.18.2
93 silly decomposeActions finalize express@4.18.2
94 silly decomposeActions fetch oracledb@5.2.0
95 silly decomposeActions extract oracledb@5.2.0
96 silly decomposeActions test oracledb@5.2.0
97 silly decomposeActions preinstall oracledb@5.2.0
98 silly decomposeActions build oracledb@5.2.0
99 silly decomposeActions install oracledb@5.2.0
100 silly decomposeActions postinstall oracledb@5.2.0
101 silly decomposeActions finalize oracledb@5.2.0
102 silly executeActions Starting
103 silly install executeActions
104 silly doSerial global-install 0
105 silly doParallel fetch 3
106 verbose lock using /home/pc06/.npm/_locks/staging-fdb57eb3c2cb26c9.lock for /home/pc06/html-workspace/node_proj/ex-paint/node_modules/.staging
107 silly doParallel extract 3
108 silly extract ejs@3.1.9
109 silly extract express@4.18.2
110 silly extract oracledb@5.2.0
111 verbose unbuild node_modules/.staging/express-191ae958
112 verbose unbuild node_modules/.staging/oracledb-896d38fc
113 verbose unbuild node_modules/.staging/ejs-58a6fccb
114 silly gentlyRm /home/pc06/html-workspace/node_proj/ex-paint/node_modules/.staging/express-191ae958 is being purged from base /home/pc06/html-workspace/node_proj/ex-paint
115 verbose gentlyRm don't care about contents; nuking /home/pc06/html-workspace/node_proj/ex-paint/node_modules/.staging/express-191ae958
116 silly gentlyRm /home/pc06/html-workspace/node_proj/ex-paint/node_modules/.staging/oracledb-896d38fc is being purged from base /home/pc06/html-workspace/node_proj/ex-paint
117 verbose gentlyRm don't care about contents; nuking /home/pc06/html-workspace/node_proj/ex-paint/node_modules/.staging/oracledb-896d38fc
118 verbose tar unpack /home/pc06/.npm/express/4.18.2/package.tgz
119 verbose tar unpacking to /home/pc06/html-workspace/node_proj/ex-paint/node_modules/.staging/express-191ae958
120 silly gentlyRm /home/pc06/html-workspace/node_proj/ex-paint/node_modules/.staging/express-191ae958 is being purged
121 verbose gentlyRm don't care about contents; nuking /home/pc06/html-workspace/node_proj/ex-paint/node_modules/.staging/express-191ae958
122 verbose tar unpack /home/pc06/.npm/oracledb/5.2.0/package.tgz
123 verbose tar unpacking to /home/pc06/html-workspace/node_proj/ex-paint/node_modules/.staging/oracledb-896d38fc
124 silly gentlyRm /home/pc06/html-workspace/node_proj/ex-paint/node_modules/.staging/oracledb-896d38fc is being purged
125 verbose gentlyRm don't care about contents; nuking /home/pc06/html-workspace/node_proj/ex-paint/node_modules/.staging/oracledb-896d38fc
126 silly gentlyRm /home/pc06/html-workspace/node_proj/ex-paint/node_modules/.staging/ejs-58a6fccb is being purged from base /home/pc06/html-workspace/node_proj/ex-paint
127 verbose gentlyRm don't care about contents; nuking /home/pc06/html-workspace/node_proj/ex-paint/node_modules/.staging/ejs-58a6fccb
128 silly gunzTarPerm modes [ '775', '664' ]
129 silly gunzTarPerm modes [ '775', '664' ]
130 verbose tar unpack /home/pc06/.npm/ejs/3.1.9/package.tgz
131 verbose tar unpacking to /home/pc06/html-workspace/node_proj/ex-paint/node_modules/.staging/ejs-58a6fccb
132 silly gentlyRm /home/pc06/html-workspace/node_proj/ex-paint/node_modules/.staging/ejs-58a6fccb is being purged
133 verbose gentlyRm don't care about contents; nuking /home/pc06/html-workspace/node_proj/ex-paint/node_modules/.staging/ejs-58a6fccb
134 silly gunzTarPerm modes [ '775', '664' ]
135 silly gunzTarPerm extractEntry LICENSE
136 silly gunzTarPerm modified mode [ 'LICENSE', 420, 436 ]
137 silly gunzTarPerm extractEntry lib/aqDeqOptions.js
138 silly gunzTarPerm modified mode [ 'lib/aqDeqOptions.js', 420, 436 ]
139 silly gunzTarPerm extractEntry
140 silly gunzTarPerm modified mode [ '', 493, 509 ]
141 silly gunzTarPerm extractEntry lib/aqEnqOptions.js
142 silly gunzTarPerm modified mode [ 'lib/aqEnqOptions.js', 420, 436 ]
143 silly gunzTarPerm extractEntry lib/aqMessage.js
144 silly gunzTarPerm modified mode [ 'lib/aqMessage.js', 420, 436 ]
145 silly gunzTarPerm extractEntry lib/application.js
146 silly gunzTarPerm modified mode [ 'lib/application.js', 420, 436 ]
147 silly gunzTarPerm extractEntry lib/express.js
148 silly gunzTarPerm modified mode [ 'lib/express.js', 420, 436 ]
149 silly gunzTarPerm extractEntry LICENSE
150 silly gunzTarPerm modified mode [ 'LICENSE', 420, 436 ]
151 silly gunzTarPerm extractEntry bin/
152 silly gunzTarPerm modified mode [ 'bin/', 493, 509 ]
153 silly gunzTarPerm extractEntry ejs.js
154 silly gunzTarPerm modified mode [ 'ejs.js', 420, 436 ]
155 silly gunzTarPerm extractEntry README.md
156 silly gunzTarPerm modified mode [ 'README.md', 420, 436 ]
157 silly gunzTarPerm extractEntry index.js
158 silly gunzTarPerm modified mode [ 'index.js', 420, 436 ]
159 silly gunzTarPerm extractEntry lib/router/index.js
160 silly gunzTarPerm modified mode [ 'lib/router/index.js', 420, 436 ]
161 silly gunzTarPerm extractEntry lib/aqQueue.js
162 silly gunzTarPerm modified mode [ 'lib/aqQueue.js', 420, 436 ]
163 silly gunzTarPerm extractEntry lib/connection.js
164 silly gunzTarPerm modified mode [ 'lib/connection.js', 420, 436 ]
165 silly gunzTarPerm extractEntry jakefile.js
166 silly gunzTarPerm modified mode [ 'jakefile.js', 420, 436 ]
167 silly gunzTarPerm extractEntry package.json
168 silly gunzTarPerm modified mode [ 'package.json', 420, 436 ]
169 silly gunzTarPerm extractEntry lib/
170 silly gunzTarPerm modified mode [ 'lib/', 493, 509 ]
171 silly gunzTarPerm extractEntry lib/dbObject.js
172 silly gunzTarPerm modified mode [ 'lib/dbObject.js', 420, 436 ]
173 silly gunzTarPerm extractEntry lib/middleware/init.js
174 silly gunzTarPerm modified mode [ 'lib/middleware/init.js', 420, 436 ]
175 silly gunzTarPerm extractEntry lib/router/layer.js
176 silly gunzTarPerm modified mode [ 'lib/router/layer.js', 420, 436 ]
177 silly gunzTarPerm extractEntry ejs.min.js
178 silly gunzTarPerm modified mode [ 'ejs.min.js', 420, 436 ]
179 silly gunzTarPerm extractEntry usage.txt
180 silly gunzTarPerm modified mode [ 'usage.txt', 420, 436 ]
181 silly gunzTarPerm extractEntry lib/ejs.js
182 silly gunzTarPerm modified mode [ 'lib/ejs.js', 493, 509 ]
183 silly gunzTarPerm extractEntry lib/utils.js
184 silly gunzTarPerm modified mode [ 'lib/utils.js', 420, 436 ]
185 silly gunzTarPerm extractEntry bin/cli.js
186 silly gunzTarPerm modified mode [ 'bin/cli.js', 493, 509 ]
187 silly gunzTarPerm extractEntry index.js
188 silly gunzTarPerm modified mode [ 'index.js', 420, 436 ]
189 silly gunzTarPerm extractEntry package/install.js
190 silly gunzTarPerm modified mode [ 'package/install.js', 420, 436 ]
191 silly gunzTarPerm extractEntry lib/middleware/query.js
192 silly gunzTarPerm modified mode [ 'lib/middleware/query.js', 420, 436 ]
193 silly gunzTarPerm extractEntry lib/request.js
194 silly gunzTarPerm modified mode [ 'lib/request.js', 420, 436 ]
195 silly gunzTarPerm extractEntry lib/response.js
196 silly gunzTarPerm modified mode [ 'lib/response.js', 420, 436 ]
197 silly gunzTarPerm extractEntry lib/router/route.js
198 silly gunzTarPerm modified mode [ 'lib/router/route.js', 420, 436 ]
199 silly gunzTarPerm extractEntry lib/lob.js
200 silly gunzTarPerm modified mode [ 'lib/lob.js', 420, 436 ]
201 silly gunzTarPerm extractEntry lib/oracledb.js
202 silly gunzTarPerm modified mode [ 'lib/oracledb.js', 420, 436 ]
203 silly gunzTarPerm extractEntry lib/pool.js
204 silly gunzTarPerm modified mode [ 'lib/pool.js', 420, 436 ]
205 silly gunzTarPerm extractEntry package/prunebinaries.js
206 silly gunzTarPerm modified mode [ 'package/prunebinaries.js', 420, 436 ]
207 silly gunzTarPerm extractEntry lib/utils.js
208 silly gunzTarPerm modified mode [ 'lib/utils.js', 420, 436 ]
209 silly gunzTarPerm extractEntry lib/view.js
210 silly gunzTarPerm modified mode [ 'lib/view.js', 420, 436 ]
211 silly gunzTarPerm extractEntry lib/queryStream.js
212 silly gunzTarPerm modified mode [ 'lib/queryStream.js', 420, 436 ]
213 silly gunzTarPerm extractEntry lib/resultset.js
214 silly gunzTarPerm modified mode [ 'lib/resultset.js', 420, 436 ]
215 silly gunzTarPerm extractEntry package.json
216 silly gunzTarPerm modified mode [ 'package.json', 420, 436 ]
217 silly gunzTarPerm extractEntry History.md
218 silly gunzTarPerm modified mode [ 'History.md', 420, 436 ]
219 silly gunzTarPerm extractEntry lib/sodaCollection.js
220 silly gunzTarPerm modified mode [ 'lib/sodaCollection.js', 420, 436 ]
221 silly gunzTarPerm extractEntry lib/sodaDatabase.js
222 silly gunzTarPerm modified mode [ 'lib/sodaDatabase.js', 420, 436 ]
223 silly gunzTarPerm extractEntry Readme.md
224 silly gunzTarPerm modified mode [ 'Readme.md', 420, 436 ]
225 silly gunzTarPerm extractEntry lib/sodaDocCursor.js
226 silly gunzTarPerm modified mode [ 'lib/sodaDocCursor.js', 420, 436 ]
227 silly gunzTarPerm extractEntry lib/sodaDocument.js
228 silly gunzTarPerm modified mode [ 'lib/sodaDocument.js', 420, 436 ]
229 silly gunzTarPerm extractEntry lib/sodaOperation.js
230 silly gunzTarPerm modified mode [ 'lib/sodaOperation.js', 420, 436 ]
231 silly gunzTarPerm extractEntry lib/util.js
232 silly gunzTarPerm modified mode [ 'lib/util.js', 420, 436 ]
233 silly gunzTarPerm extractEntry package.json
234 silly gunzTarPerm modified mode [ 'package.json', 420, 436 ]
235 silly gunzTarPerm extractEntry CHANGELOG.md
236 silly gunzTarPerm modified mode [ 'CHANGELOG.md', 420, 436 ]
237 silly gunzTarPerm extractEntry LICENSE.md
238 silly gunzTarPerm modified mode [ 'LICENSE.md', 420, 436 ]
239 silly gunzTarPerm extractEntry package/README.md
240 silly gunzTarPerm modified mode [ 'package/README.md', 420, 436 ]
241 silly gunzTarPerm extractEntry README.md
242 silly gunzTarPerm modified mode [ 'README.md', 420, 436 ]
243 silly gunzTarPerm extractEntry build/Release/oracledb-5.2.0-darwin-x64.node
244 silly gunzTarPerm modified mode [ 'build/Release/oracledb-5.2.0-darwin-x64.node', 493, 509 ]
245 silly gentlyRm /home/pc06/html-workspace/node_proj/ex-paint/node_modules/.staging/ejs-58a6fccb/node_modules is being purged
246 verbose gentlyRm don't care about contents; nuking /home/pc06/html-workspace/node_proj/ex-paint/node_modules/.staging/ejs-58a6fccb/node_modules
247 silly gunzTarPerm extractEntry build/Release/oracledb-5.2.0-linux-x64.node
248 silly gunzTarPerm modified mode [ 'build/Release/oracledb-5.2.0-linux-x64.node', 493, 509 ]
249 silly gentlyRm /home/pc06/html-workspace/node_proj/ex-paint/node_modules/.staging/express-191ae958/node_modules is being purged
250 verbose gentlyRm don't care about contents; nuking /home/pc06/html-workspace/node_proj/ex-paint/node_modules/.staging/express-191ae958/node_modules
251 silly gunzTarPerm extractEntry build/Release/oracledb-5.2.0-win32-x64.node
252 silly gunzTarPerm modified mode [ 'build/Release/oracledb-5.2.0-win32-x64.node', 493, 509 ]
253 silly gunzTarPerm extractEntry build/Release/oracledb-5.2.0-darwin-x64.node-buildinfo.txt
254 silly gunzTarPerm modified mode [ 'build/Release/oracledb-5.2.0-darwin-x64.node-buildinfo.txt',
254 silly gunzTarPerm   420,
254 silly gunzTarPerm   436 ]
255 silly gunzTarPerm extractEntry build/Release/oracledb-5.2.0-linux-x64.node-buildinfo.txt
256 silly gunzTarPerm modified mode [ 'build/Release/oracledb-5.2.0-linux-x64.node-buildinfo.txt',
256 silly gunzTarPerm   420,
256 silly gunzTarPerm   436 ]
257 silly gunzTarPerm extractEntry build/Release/oracledb-5.2.0-win32-x64.node-buildinfo.txt
258 silly gunzTarPerm modified mode [ 'build/Release/oracledb-5.2.0-win32-x64.node-buildinfo.txt',
258 silly gunzTarPerm   420,
258 silly gunzTarPerm   436 ]
259 silly gentlyRm /home/pc06/html-workspace/node_proj/ex-paint/node_modules/.staging/oracledb-896d38fc/node_modules is being purged
260 verbose gentlyRm don't care about contents; nuking /home/pc06/html-workspace/node_proj/ex-paint/node_modules/.staging/oracledb-896d38fc/node_modules
261 silly doParallel preinstall 3
262 silly preinstall ejs@3.1.9 /home/pc06/html-workspace/node_proj/ex-paint/node_modules/.staging/ejs-58a6fccb
263 info lifecycle ejs@3.1.9~preinstall: ejs@3.1.9
264 silly preinstall express@4.18.2 /home/pc06/html-workspace/node_proj/ex-paint/node_modules/.staging/express-191ae958
265 info lifecycle express@4.18.2~preinstall: express@4.18.2
266 silly preinstall oracledb@5.2.0 /home/pc06/html-workspace/node_proj/ex-paint/node_modules/.staging/oracledb-896d38fc
267 info lifecycle oracledb@5.2.0~preinstall: oracledb@5.2.0
268 silly lifecycle ejs@3.1.9~preinstall: no script for preinstall, continuing
269 silly lifecycle express@4.18.2~preinstall: no script for preinstall, continuing
270 silly lifecycle oracledb@5.2.0~preinstall: no script for preinstall, continuing
271 silly doReverseSerial remove 0
272 silly doSerial move 0
273 silly doSerial finalize 3
274 silly finalize /home/pc06/html-workspace/node_proj/ex-paint/node_modules/ejs
275 silly finalize /home/pc06/html-workspace/node_proj/ex-paint/node_modules/express
276 silly finalize /home/pc06/html-workspace/node_proj/ex-paint/node_modules/oracledb
277 silly doSerial build 3
278 silly build ejs@3.1.9
279 info linkStuff ejs@3.1.9
280 silly linkStuff ejs@3.1.9 has /home/pc06/html-workspace/node_proj/ex-paint/node_modules as its parent node_modules
281 verbose linkBins ejs@3.1.9
282 verbose link bins [ { ejs: 'bin/cli.js' },
282 verbose link bins   '/home/pc06/html-workspace/node_proj/ex-paint/node_modules/.bin',
282 verbose link bins   false ]
283 verbose linkMans ejs@3.1.9
284 silly build express@4.18.2
285 info linkStuff express@4.18.2
286 silly linkStuff express@4.18.2 has /home/pc06/html-workspace/node_proj/ex-paint/node_modules as its parent node_modules
287 verbose linkBins express@4.18.2
288 verbose linkMans express@4.18.2
289 silly build oracledb@5.2.0
290 info linkStuff oracledb@5.2.0
291 silly linkStuff oracledb@5.2.0 has /home/pc06/html-workspace/node_proj/ex-paint/node_modules as its parent node_modules
292 verbose linkBins oracledb@5.2.0
293 verbose linkMans oracledb@5.2.0
294 silly doSerial global-link 0
295 silly doParallel update-linked 0
296 silly doSerial install 3
297 silly install ejs@3.1.9 /home/pc06/html-workspace/node_proj/ex-paint/node_modules/.staging/ejs-58a6fccb
298 info lifecycle ejs@3.1.9~install: ejs@3.1.9
299 silly lifecycle ejs@3.1.9~install: no script for install, continuing
300 silly install express@4.18.2 /home/pc06/html-workspace/node_proj/ex-paint/node_modules/.staging/express-191ae958
301 info lifecycle express@4.18.2~install: express@4.18.2
302 silly lifecycle express@4.18.2~install: no script for install, continuing
303 silly install oracledb@5.2.0 /home/pc06/html-workspace/node_proj/ex-paint/node_modules/.staging/oracledb-896d38fc
304 info lifecycle oracledb@5.2.0~install: oracledb@5.2.0
305 verbose lifecycle oracledb@5.2.0~install: unsafe-perm in lifecycle true
306 verbose lifecycle oracledb@5.2.0~install: PATH: /usr/share/npm/bin/node-gyp-bin:/home/pc06/html-workspace/node_proj/ex-paint/node_modules/oracledb/node_modules/.bin:/home/pc06/html-workspace/node_proj/ex-paint/node_modules/.bin:/u01/app/oracle/product/11.2.0/xe/bin:/u01/app/oracle/product/11.2.0/xe/bin:/usr/local/sbin:/usr/local/bin:/usr/sbin:/usr/bin:/sbin:/bin:/usr/games:/usr/local/games:/snap/bin:/usr/lib/jvm/jdk1.8.0_231/bin:/usr/lib/jvm/jdk1.8.0_231/bin
307 verbose lifecycle oracledb@5.2.0~install: CWD: /home/pc06/html-workspace/node_proj/ex-paint/node_modules/oracledb
308 silly lifecycle oracledb@5.2.0~install: Args: [ '-c', 'node package/install.js' ]
309 silly lifecycle oracledb@5.2.0~install: Returned: code: 87  signal: null
310 info lifecycle oracledb@5.2.0~install: Failed to exec install script
311 verbose unlock done using /home/pc06/.npm/_locks/staging-fdb57eb3c2cb26c9.lock for /home/pc06/html-workspace/node_proj/ex-paint/node_modules/.staging
312 silly rollbackFailedOptional Starting
313 silly rollbackFailedOptional Finishing
314 silly runTopLevelLifecycles Starting
315 silly runTopLevelLifecycles Finishing
316 silly install printInstalled
317 warn ex-paint@1.0.0 No description
318 warn ex-paint@1.0.0 No repository field.
319 verbose stack Error: oracledb@5.2.0 install: `node package/install.js`
319 verbose stack Exit status 87
319 verbose stack     at EventEmitter.<anonymous> (/usr/share/npm/lib/utils/lifecycle.js:232:16)
319 verbose stack     at emitTwo (events.js:126:13)
319 verbose stack     at EventEmitter.emit (events.js:214:7)
319 verbose stack     at ChildProcess.<anonymous> (/usr/share/npm/lib/utils/spawn.js:24:14)
319 verbose stack     at emitTwo (events.js:126:13)
319 verbose stack     at ChildProcess.emit (events.js:214:7)
319 verbose stack     at maybeClose (internal/child_process.js:925:16)
319 verbose stack     at Process.ChildProcess._handle.onexit (internal/child_process.js:209:5)
320 verbose pkgid oracledb@5.2.0
321 verbose cwd /home/pc06/html-workspace/node_proj/ex-paint
322 error Linux 4.15.0-54-generic
323 error argv "/usr/bin/node" "/usr/bin/npm" "install" "oracledb@5.2.0"
324 error node v8.10.0
325 error npm  v3.5.2
326 error code ELIFECYCLE
327 error oracledb@5.2.0 install: `node package/install.js`
327 error Exit status 87
328 error Failed at the oracledb@5.2.0 install script 'node package/install.js'.
328 error Make sure you have the latest version of node.js and npm installed.
328 error If you do, this is most likely a problem with the oracledb package,
328 error not with npm itself.
328 error Tell the author that this fails on your system:
328 error     node package/install.js
328 error You can get information on how to open an issue for this project with:
328 error     npm bugs oracledb
328 error Or if that isn't available, you can get their info via:
328 error     npm owner ls oracledb
328 error There is likely additional logging output above.
329 verbose exit [ 1, true ]
